<?xml version="1.0" encoding="UTF-8"?>
<!-- Generated by org.testng.reporters.JUnitReportReporter -->
<testsuite hostname="LAPTOP-VKEB79BA" failures="0" tests="3" name="topic_TestNGExamples.Test_BC_AC" time="85.066" errors="0" timestamp="2023-12-02T21:36:23 IST" skipped="0">
  <testcase classname="topic_TestNGExamples.Test_BC_AC" name="verifySDPage" time="6.210"/>
  <testcase classname="topic_TestNGExamples.Test_BC_AC" name="verifyGooglePage" time="6.741"/>
  <testcase classname="topic_TestNGExamples.Test_BC_AC" name="verifyBhanuSaiiPage" time="72.115"/>
</testsuite> <!-- topic_TestNGExamples.Test_BC_AC -->
