<?xml version="1.0" encoding="UTF-8"?>
<!-- Generated by org.testng.reporters.JUnitReportReporter -->
<testsuite hostname="LAPTOP-VKEB79BA" failures="0" tests="1" name="browser.Edge.Test1_Edge" time="10.650" errors="0" timestamp="2023-12-03T22:42:31 IST" skipped="0">
  <testcase classname="browser.Edge.Test1_Edge" name="setup_Edge" time="10.650"/>
</testsuite> <!-- browser.Edge.Test1_Edge -->
