<?xml version="1.0" encoding="UTF-8"?>
<!-- Generated by org.testng.reporters.JUnitReportReporter -->
<testsuite hostname="LAPTOP-VKEB79BA" failures="0" tests="3" name="topic_AdvAnnotations.TestUI" time="0.025" errors="0" timestamp="2023-12-09T21:24:29 IST" skipped="0">
  <testcase classname="topic_AdvAnnotations.TestUI" name="accessHomePage" time="0.009"/>
  <testcase classname="topic_AdvAnnotations.TestUI" name="accessCampaignsPage" time="0.009"/>
  <testcase classname="topic_AdvAnnotations.TestUI" name="accessContactUSPage" time="0.007"/>
</testsuite> <!-- topic_AdvAnnotations.TestUI -->
