<?xml version="1.0" encoding="UTF-8"?>
<!-- Generated by org.testng.reporters.JUnitReportReporter -->
<testsuite hostname="LAPTOP-VKEB79BA" failures="0" tests="3" name="topic_TestNGExamples.Test8_BM_AM" time="95.318" errors="0" timestamp="2023-12-02T21:29:48 IST" skipped="0">
  <testcase classname="topic_TestNGExamples.Test8_BM_AM" name="verifySDPage" time="8.723"/>
  <testcase classname="topic_TestNGExamples.Test8_BM_AM" name="verifyGooglePage" time="12.045"/>
  <testcase classname="topic_TestNGExamples.Test8_BM_AM" name="verifyBhanuSaiiPage" time="74.550"/>
</testsuite> <!-- topic_TestNGExamples.Test8_BM_AM -->
