<?xml version="1.0" encoding="UTF-8"?>
<!-- Generated by org.testng.reporters.JUnitReportReporter -->
<testsuite hostname="LAPTOP-VKEB79BA" failures="0" tests="8" name="topic_BeforeAfterGroups.BeforeAfterGroups" time="0.033" errors="0" timestamp="2023-12-09T22:11:40 IST" skipped="0">
  <testcase classname="topic_BeforeAfterGroups.BeforeAfterGroups" name="testInsert" time="0.003"/>
  <testcase classname="topic_BeforeAfterGroups.BeforeAfterGroups" name="accessCampaignsPage" time="0.007"/>
  <testcase classname="topic_BeforeAfterGroups.BeforeAfterGroups" name="openFileDialog" time="0.005"/>
  <testcase classname="topic_BeforeAfterGroups.BeforeAfterGroups" name="openConfirmationDialog" time="0.005"/>
  <testcase classname="topic_BeforeAfterGroups.BeforeAfterGroups" name="testUpdate" time="0.004"/>
  <testcase classname="topic_BeforeAfterGroups.BeforeAfterGroups" name="accessHomePage" time="0.002"/>
  <testcase classname="topic_BeforeAfterGroups.BeforeAfterGroups" name="accessContactUSPage" time="0.001"/>
  <testcase classname="topic_BeforeAfterGroups.BeforeAfterGroups" name="testDelete" time="0.006"/>
</testsuite> <!-- topic_BeforeAfterGroups.BeforeAfterGroups -->
