<?xml version="1.0" encoding="UTF-8"?>
<!-- Generated by org.testng.reporters.JUnitReportReporter -->
<testsuite hostname="LAPTOP-VKEB79BA" failures="0" tests="7" name="topic_TestNGExamples.Test3_Prioritization" time="25.503" errors="0" timestamp="2023-12-03T23:00:51 IST" skipped="0">
  <testcase classname="topic_TestNGExamples.Test3_Prioritization" name="setup" time="4.045"/>
  <testcase classname="topic_TestNGExamples.Test3_Prioritization" name="gotoURL" time="5.459"/>
  <testcase classname="topic_TestNGExamples.Test3_Prioritization" name="type_UserName" time="5.249"/>
  <testcase classname="topic_TestNGExamples.Test3_Prioritization" name="type_Password" time="5.126"/>
  <testcase classname="topic_TestNGExamples.Test3_Prioritization" name="click_Login" time="5.246"/>
  <testcase classname="topic_TestNGExamples.Test3_Prioritization" name="verifySDLogin" time="0.031"/>
  <testcase classname="topic_TestNGExamples.Test3_Prioritization" name="teardown" time="0.347"/>
</testsuite> <!-- topic_TestNGExamples.Test3_Prioritization -->
