<?xml version="1.0" encoding="UTF-8"?>
<!-- Generated by org.testng.reporters.JUnitReportReporter -->
<testsuite hostname="LAPTOP-VKEB79BA" failures="0" tests="3" name="topic_AdvAnnotations.TestDB" time="0.013" errors="0" timestamp="2023-12-09T21:24:29 IST" skipped="0">
  <testcase classname="topic_AdvAnnotations.TestDB" name="testUpdate" time="0.002"/>
  <testcase classname="topic_AdvAnnotations.TestDB" name="testInsert" time="0.006"/>
  <testcase classname="topic_AdvAnnotations.TestDB" name="testDelete" time="0.005"/>
</testsuite> <!-- topic_AdvAnnotations.TestDB -->
