<?xml version="1.0" encoding="UTF-8"?>
<!-- Generated by org.testng.reporters.JUnitReportReporter -->
<testsuite hostname="LAPTOP-VKEB79BA" failures="0" tests="1" name="browser.Chrome.Test1_Chrome" time="11.580" errors="0" timestamp="2023-12-10T20:41:21 IST" skipped="0">
  <testcase classname="browser.Chrome.Test1_Chrome" name="setup_Chrome" time="11.580"/>
</testsuite> <!-- browser.Chrome.Test1_Chrome -->
