<?xml version="1.0" encoding="UTF-8"?>
<!-- Generated by org.testng.reporters.JUnitReportReporter -->
<testsuite hostname="LAPTOP-VKEB79BA" failures="0" tests="3" name="topic_ITest.Testrescontext" time="55.159" errors="0" timestamp="2023-12-09T20:42:27 IST" skipped="0">
  <testcase classname="topic_ITest.Testrescontext" name="sdPage" time="24.530"/>
  <testcase classname="topic_ITest.Testrescontext" name="sdPage" time="14.158"/>
  <testcase classname="topic_ITest.Testrescontext" name="sdPage" time="16.471"/>
</testsuite> <!-- topic_ITest.Testrescontext -->
