<?xml version="1.0" encoding="UTF-8"?>
<!-- Generated by org.testng.reporters.JUnitReportReporter -->
<testsuite hostname="LAPTOP-VKEB79BA" failures="0" tests="1" name="framework.Hybride_DDKeywordDriven.DriverScripts" time="21.568" errors="0" timestamp="2023-12-10T21:47:03 IST" skipped="0">
  <testcase classname="framework.Hybride_DDKeywordDriven.DriverScripts" name="setup" time="21.568"/>
</testsuite> <!-- framework.Hybride_DDKeywordDriven.DriverScripts -->
