<?xml version="1.0" encoding="UTF-8"?>
<!-- Generated by org.testng.reporters.JUnitReportReporter -->
<testsuite hostname="LAPTOP-VKEB79BA" failures="0" tests="7" name="topic_TestNGExamples.Test2_MuiltipleMethods" time="25.754" errors="0" timestamp="2023-11-26T22:50:43 IST" skipped="0">
  <testcase classname="topic_TestNGExamples.Test2_MuiltipleMethods" name="gteardown" time="0.336"/>
  <testcase classname="topic_TestNGExamples.Test2_MuiltipleMethods" name="ctype_UserName" time="5.160"/>
  <testcase classname="topic_TestNGExamples.Test2_MuiltipleMethods" name="asetup" time="3.585"/>
  <testcase classname="topic_TestNGExamples.Test2_MuiltipleMethods" name="dtype_Password" time="5.153"/>
  <testcase classname="topic_TestNGExamples.Test2_MuiltipleMethods" name="bgotoURL" time="6.334"/>
  <testcase classname="topic_TestNGExamples.Test2_MuiltipleMethods" name="fverifySDLogin" time="0.019"/>
  <testcase classname="topic_TestNGExamples.Test2_MuiltipleMethods" name="eclick_Login" time="5.167"/>
</testsuite> <!-- topic_TestNGExamples.Test2_MuiltipleMethods -->
