<?xml version="1.0" encoding="UTF-8"?>
<!-- Generated by org.testng.reporters.JUnitReportReporter -->
<testsuite hostname="LAPTOP-VKEB79BA" failures="0" tests="1" name="browser.FF.Test1_FF" time="12.571" errors="0" timestamp="2023-12-03T22:42:31 IST" skipped="0">
  <testcase classname="browser.FF.Test1_FF" name="setup_FF" time="12.571"/>
</testsuite> <!-- browser.FF.Test1_FF -->
