<?xml version="1.0" encoding="UTF-8"?>
<!-- Generated by org.testng.reporters.JUnitReportReporter -->
<testsuite hostname="LAPTOP-VKEB79BA" failures="0" tests="7" name="topic_TestNGExamples.Test7_VP3" time="24.980" errors="0" timestamp="2023-12-02T20:44:32 IST" skipped="0">
  <testcase classname="topic_TestNGExamples.Test7_VP3" name="setup" time="3.152"/>
  <testcase classname="topic_TestNGExamples.Test7_VP3" name="gotoURL" time="6.101"/>
  <testcase classname="topic_TestNGExamples.Test7_VP3" name="type_UserName" time="5.198"/>
  <testcase classname="topic_TestNGExamples.Test7_VP3" name="type_Password" time="5.160"/>
  <testcase classname="topic_TestNGExamples.Test7_VP3" name="click_Login" time="5.145"/>
  <testcase classname="topic_TestNGExamples.Test7_VP3" name="verifyErrorMsg" time="0.056"/>
  <testcase classname="topic_TestNGExamples.Test7_VP3" name="teardown" time="0.168"/>
</testsuite> <!-- topic_TestNGExamples.Test7_VP3 -->
