<?xml version="1.0" encoding="UTF-8"?>
<!-- Generated by org.testng.reporters.JUnitReportReporter -->
<testsuite hostname="LAPTOP-VKEB79BA" failures="0" tests="3" name="topic_AdvAnnotations.TestSecurity" time="0.011" errors="0" timestamp="2023-12-09T21:24:29 IST" skipped="0">
  <testcase classname="topic_AdvAnnotations.TestSecurity" name="openConfirmationDialog" time="0.005"/>
  <testcase classname="topic_AdvAnnotations.TestSecurity" name="openFileDialog" time="0.002"/>
  <testcase classname="topic_AdvAnnotations.TestSecurity" name="closeFileDialog" time="0.004"/>
</testsuite> <!-- topic_AdvAnnotations.TestSecurity -->
