<?xml version="1.0" encoding="UTF-8"?>
<!-- Generated by org.testng.reporters.JUnitReportReporter -->
<testsuite hostname="LAPTOP-VKEB79BA" failures="0" tests="1" name="topic_TestNGExamples.Test1_SingleMethod" time="26.487" errors="0" timestamp="2023-12-03T23:00:51 IST" skipped="0">
  <testcase classname="topic_TestNGExamples.Test1_SingleMethod" name="verifySauceDemoLogin" time="26.487"/>
</testsuite> <!-- topic_TestNGExamples.Test1_SingleMethod -->
