<?xml version="1.0" encoding="UTF-8"?>
<!-- Generated by org.testng.reporters.JUnitReportReporter -->
<testsuite hostname="LAPTOP-VKEB79BA" failures="0" tests="4" name="topic_TestNGExamples.Test7_VP5" time="10.033" errors="0" timestamp="2023-12-02T20:49:39 IST" skipped="0">
  <testcase classname="topic_TestNGExamples.Test7_VP5" name="setup" time="3.365"/>
  <testcase classname="topic_TestNGExamples.Test7_VP5" name="gotoURL" time="6.481"/>
  <testcase classname="topic_TestNGExamples.Test7_VP5" name="verifySDPage" time="0.017"/>
  <testcase classname="topic_TestNGExamples.Test7_VP5" name="teardown" time="0.170"/>
</testsuite> <!-- topic_TestNGExamples.Test7_VP5 -->
