<?xml version="1.0" encoding="UTF-8"?>
<!-- Generated by org.testng.reporters.JUnitReportReporter -->
<testsuite hostname="LAPTOP-VKEB79BA" failures="0" tests="1" name="browsers.Test1_Edge" time="16.485" errors="0" timestamp="2023-12-03T22:48:00 IST" skipped="0">
  <testcase classname="browsers.Test1_Edge" name="setup_Edge" time="16.485"/>
</testsuite> <!-- browsers.Test1_Edge -->
