<?xml version="1.0" encoding="UTF-8"?>
<!-- Generated by org.testng.reporters.JUnitReportReporter -->
<testsuite hostname="LAPTOP-VKEB79BA" failures="0" tests="1" name="topic_ObjectRepository.Test_ReadProperties" time="28.450" errors="0" timestamp="2023-12-03T22:17:04 IST" skipped="0">
  <testcase classname="topic_ObjectRepository.Test_ReadProperties" name="sdLogin" time="28.450"/>
</testsuite> <!-- topic_ObjectRepository.Test_ReadProperties -->
