<?xml version="1.0" encoding="UTF-8"?>
<!-- Generated by org.testng.reporters.JUnitReportReporter -->
<testsuite hostname="LAPTOP-VKEB79BA" failures="0" tests="7" name="myPackage1.Test7_VP2" time="23.202" errors="0" timestamp="2023-12-03T22:36:55 IST" skipped="0">
  <testcase classname="myPackage1.Test7_VP2" name="setup" time="1.562"/>
  <testcase classname="myPackage1.Test7_VP2" name="gotoURL" time="5.930"/>
  <testcase classname="myPackage1.Test7_VP2" name="type_UserName" time="5.145"/>
  <testcase classname="myPackage1.Test7_VP2" name="type_Password" time="5.126"/>
  <testcase classname="myPackage1.Test7_VP2" name="click_Login" time="5.239"/>
  <testcase classname="myPackage1.Test7_VP2" name="verifySDLogin" time="0.083"/>
  <testcase classname="myPackage1.Test7_VP2" name="teardown" time="0.117"/>
</testsuite> <!-- myPackage1.Test7_VP2 -->
