<?xml version="1.0" encoding="UTF-8"?>
<!-- Generated by org.testng.reporters.JUnitReportReporter -->
<testsuite hostname="LAPTOP-VKEB79BA" failures="0" tests="7" name="topic_TestNGExamples.Test7_VP4" time="25.174" errors="0" timestamp="2023-12-02T20:46:22 IST" skipped="0">
  <testcase classname="topic_TestNGExamples.Test7_VP4" name="setup" time="3.339"/>
  <testcase classname="topic_TestNGExamples.Test7_VP4" name="gotoURL" time="6.119"/>
  <testcase classname="topic_TestNGExamples.Test7_VP4" name="type_UserName" time="5.185"/>
  <testcase classname="topic_TestNGExamples.Test7_VP4" name="type_Password" time="5.112"/>
  <testcase classname="topic_TestNGExamples.Test7_VP4" name="click_Login" time="5.164"/>
  <testcase classname="topic_TestNGExamples.Test7_VP4" name="verifyErrorMsg" time="0.061"/>
  <testcase classname="topic_TestNGExamples.Test7_VP4" name="teardown" time="0.194"/>
</testsuite> <!-- topic_TestNGExamples.Test7_VP4 -->
