<?xml version="1.0" encoding="UTF-8"?>
<!-- Generated by org.testng.reporters.JUnitReportReporter -->
<testsuite hostname="LAPTOP-VKEB79BA" failures="0" tests="1" name="myPackage1.Test1_Chrome" time="8.156" errors="0" timestamp="2023-12-03T22:25:54 IST" skipped="0">
  <testcase classname="myPackage1.Test1_Chrome" name="setup_Chrome" time="8.156"/>
</testsuite> <!-- myPackage1.Test1_Chrome -->
