<?xml version="1.0" encoding="UTF-8"?>
<!-- Generated by org.testng.reporters.JUnitReportReporter -->
<testsuite hostname="LAPTOP-VKEB79BA" failures="0" tests="7" name="topic_TestNGExamples.Test7_VP2" time="23.516" errors="0" timestamp="2023-12-03T22:30:04 IST" skipped="0">
  <testcase classname="topic_TestNGExamples.Test7_VP2" name="setup" time="1.659"/>
  <testcase classname="topic_TestNGExamples.Test7_VP2" name="gotoURL" time="6.112"/>
  <testcase classname="topic_TestNGExamples.Test7_VP2" name="type_UserName" time="5.143"/>
  <testcase classname="topic_TestNGExamples.Test7_VP2" name="type_Password" time="5.109"/>
  <testcase classname="topic_TestNGExamples.Test7_VP2" name="click_Login" time="5.275"/>
  <testcase classname="topic_TestNGExamples.Test7_VP2" name="verifySDLogin" time="0.065"/>
  <testcase classname="topic_TestNGExamples.Test7_VP2" name="teardown" time="0.153"/>
</testsuite> <!-- topic_TestNGExamples.Test7_VP2 -->
