<?xml version="1.0" encoding="UTF-8"?>
<!-- Generated by org.testng.reporters.JUnitReportReporter -->
<testsuite hostname="LAPTOP-VKEB79BA" failures="0" tests="1" name="browsers.Test1_Chrome" time="10.313" errors="0" timestamp="2023-12-03T22:48:00 IST" skipped="0">
  <testcase classname="browsers.Test1_Chrome" name="setup_Chrome" time="10.313"/>
</testsuite> <!-- browsers.Test1_Chrome -->
