<?xml version="1.0" encoding="UTF-8"?>
<!-- Generated by org.testng.reporters.JUnitReportReporter -->
<testsuite hostname="LAPTOP-VKEB79BA" failures="0" tests="1" name="framework.KeywordDriven.DriverScripts" time="22.374" errors="0" timestamp="2023-12-10T21:40:59 IST" skipped="0">
  <testcase classname="framework.KeywordDriven.DriverScripts" name="setup" time="22.374"/>
</testsuite> <!-- framework.KeywordDriven.DriverScripts -->
