<?xml version="1.0" encoding="UTF-8"?>
<!-- Generated by org.testng.reporters.JUnitReportReporter -->
<testsuite hostname="LAPTOP-VKEB79BA" failures="0" tests="4" name="topic_TestNGExamples.Test7_VP6" time="10.667" errors="0" timestamp="2023-12-02T20:52:36 IST" skipped="0">
  <testcase classname="topic_TestNGExamples.Test7_VP6" name="setup" time="3.267"/>
  <testcase classname="topic_TestNGExamples.Test7_VP6" name="gotoURL" time="7.115"/>
  <testcase classname="topic_TestNGExamples.Test7_VP6" name="verifySeleniumPage" time="0.059"/>
  <testcase classname="topic_TestNGExamples.Test7_VP6" name="teardown" time="0.226"/>
</testsuite> <!-- topic_TestNGExamples.Test7_VP6 -->
