<?xml version="1.0" encoding="UTF-8"?>
<!-- Generated by org.testng.reporters.JUnitReportReporter -->
<testsuite hostname="LAPTOP-VKEB79BA" failures="0" tests="3" name="topic_AdvAnnotations.TestUI2" time="0.007" errors="0" timestamp="2023-12-09T21:24:29 IST" skipped="0">
  <testcase classname="topic_AdvAnnotations.TestUI2" name="accessContactUSPage1" time="0.002"/>
  <testcase classname="topic_AdvAnnotations.TestUI2" name="accessHomePage1" time="0.001"/>
  <testcase classname="topic_AdvAnnotations.TestUI2" name="accessCampaignsPage1" time="0.004"/>
</testsuite> <!-- topic_AdvAnnotations.TestUI2 -->
